[28/Mar/2021:23:15:44] (I): WordPress Instance Info:
[28/Mar/2021:23:15:44] (I): Home URL : http://localhost/seguridad
[28/Mar/2021:23:15:44] (I): Site URL : http://localhost/seguridad
[28/Mar/2021:23:15:44] (I): WordPress Version : 5.7
[28/Mar/2021:23:15:44] (I): Onboarding Version : 1.1.6
[28/Mar/2021:23:15:44] (I): Multisite : No
[28/Mar/2021:23:15:44] (I): Server Info : Apache/2.4.46 (Win64) OpenSSL/1.1.1j PHP/8.0.3
[28/Mar/2021:23:15:44] (I): PHP Version : 8.0.3
[28/Mar/2021:23:15:44] (I): HTTPS : No
[28/Mar/2021:23:15:44] (I): PHP Max Execution Time : 120
[28/Mar/2021:23:15:44] (I): PHP Max Input Vars : 1000
[28/Mar/2021:23:15:44] (I): Max Upload Size : 41943040
[28/Mar/2021:23:15:44] (I): Plugins:
[28/Mar/2021:23:15:44] (I): [PLUGIN] Elementor : v3.1.4 (Elementor.com)
[28/Mar/2021:23:15:44] (I): [PLUGIN] Templates Patterns Collection : v1.1.6 (ThemeIsle)
[28/Mar/2021:23:15:44] (I): [PLUGIN] Orbit Fox Companion : v2.10.4 (Themeisle)
[28/Mar/2021:23:15:44] (P): Saving remote XML
[28/Mar/2021:23:15:45] (S): Saved remote XML at path C:\xampp\htdocs\seguridad/wp-content/uploads/themeisle-demo-import.xml.
[28/Mar/2021:23:15:45] (P): Starting content import...
[28/Mar/2021:23:15:45] (S): Import started.
[28/Mar/2021:23:15:45] (S): Parsing XML file.
[28/Mar/2021:23:15:45] (P): Starting parsing file:C:\xampp\htdocs\seguridad/wp-content/uploads/themeisle-demo-import.xml
[28/Mar/2021:23:15:45] (P): Using WXR_Parser_SimpleXML...
[28/Mar/2021:23:15:45] (S): Parsed XML
[28/Mar/2021:23:15:45] (P): Processing categories...
[28/Mar/2021:23:15:46] (S): Processed categories.
[28/Mar/2021:23:15:46] (P): Processing tags...
[28/Mar/2021:23:15:46] (S): No tags to process.
[28/Mar/2021:23:15:46] (P): Processing terms...
[28/Mar/2021:23:15:46] (S): Processed terms.
[28/Mar/2021:23:15:46] (P): Processing posts...
[28/Mar/2021:23:15:46] (P): Processing attachment: https://s33834.pcdn.co/rokophoto/wp-content/uploads/sites/216/2019/08/logo.png...
[28/Mar/2021:23:15:46] (P): Fetching attachment from url: https://s33834.pcdn.co/rokophoto/wp-content/uploads/sites/216/2019/08/logo.png...
[28/Mar/2021:23:15:47] (S): Fetched remote attachment.
[28/Mar/2021:23:15:47] (P): Inserting attachment...
[28/Mar/2021:23:15:47] (S): Attachment inserted
[28/Mar/2021:23:15:47] (S): Processed attachment.
[28/Mar/2021:23:15:47] (P): Processing attachment: https://s33834.pcdn.co/rokophoto/wp-content/uploads/sites/216/2019/08/neve-rokophoto-1.png...
[28/Mar/2021:23:15:47] (P): Fetching attachment from url: https://s33834.pcdn.co/rokophoto/wp-content/uploads/sites/216/2019/08/neve-rokophoto-1.png...
[28/Mar/2021:23:15:48] (S): Fetched remote attachment.
[28/Mar/2021:23:15:48] (P): Inserting attachment...
[28/Mar/2021:23:15:48] (S): Attachment inserted
[28/Mar/2021:23:15:48] (S): Processed attachment.
[28/Mar/2021:23:15:48] (P): Processing attachment: https://s33834.pcdn.co/rokophoto/wp-content/uploads/sites/216/2019/08/neve-rokophoto-2.png...
[28/Mar/2021:23:15:48] (P): Fetching attachment from url: https://s33834.pcdn.co/rokophoto/wp-content/uploads/sites/216/2019/08/neve-rokophoto-2.png...
[28/Mar/2021:23:15:49] (S): Fetched remote attachment.
[28/Mar/2021:23:15:49] (P): Inserting attachment...
[28/Mar/2021:23:15:49] (S): Attachment inserted
[28/Mar/2021:23:15:49] (S): Processed attachment.
[28/Mar/2021:23:15:49] (P): Processing attachment: https://s33834.pcdn.co/rokophoto/wp-content/uploads/sites/216/2019/08/neve-rokophoto-3.png...
[28/Mar/2021:23:15:49] (P): Fetching attachment from url: https://s33834.pcdn.co/rokophoto/wp-content/uploads/sites/216/2019/08/neve-rokophoto-3.png...
[28/Mar/2021:23:15:49] (S): Fetched remote attachment.
[28/Mar/2021:23:15:49] (P): Inserting attachment...
[28/Mar/2021:23:15:49] (S): Attachment inserted
[28/Mar/2021:23:15:50] (S): Processed attachment.
[28/Mar/2021:23:15:50] (P): Processing attachment: https://s33834.pcdn.co/rokophoto/wp-content/uploads/sites/216/2019/08/neve-rokophoto-4.png...
[28/Mar/2021:23:15:50] (P): Fetching attachment from url: https://s33834.pcdn.co/rokophoto/wp-content/uploads/sites/216/2019/08/neve-rokophoto-4.png...
[28/Mar/2021:23:15:50] (S): Fetched remote attachment.
[28/Mar/2021:23:15:50] (P): Inserting attachment...
[28/Mar/2021:23:15:50] (S): Attachment inserted
[28/Mar/2021:23:15:50] (S): Processed attachment.
[28/Mar/2021:23:15:50] (P): Processing attachment: https://s33834.pcdn.co/rokophoto/wp-content/uploads/sites/216/2019/08/neve-rokophoto-5.png...
[28/Mar/2021:23:15:50] (P): Fetching attachment from url: https://s33834.pcdn.co/rokophoto/wp-content/uploads/sites/216/2019/08/neve-rokophoto-5.png...
[28/Mar/2021:23:15:51] (S): Fetched remote attachment.
[28/Mar/2021:23:15:51] (P): Inserting attachment...
[28/Mar/2021:23:15:51] (S): Attachment inserted
[28/Mar/2021:23:15:51] (S): Processed attachment.
[28/Mar/2021:23:15:51] (P): Processing attachment: https://s33834.pcdn.co/rokophoto/wp-content/uploads/sites/216/2019/08/neve-rokophoto-6.png...
[28/Mar/2021:23:15:51] (P): Fetching attachment from url: https://s33834.pcdn.co/rokophoto/wp-content/uploads/sites/216/2019/08/neve-rokophoto-6.png...
[28/Mar/2021:23:15:52] (S): Fetched remote attachment.
[28/Mar/2021:23:15:52] (P): Inserting attachment...
[28/Mar/2021:23:15:52] (S): Attachment inserted
[28/Mar/2021:23:15:52] (S): Processed attachment.
[28/Mar/2021:23:15:52] (P): Processing attachment: https://s33834.pcdn.co/rokophoto/wp-content/uploads/sites/216/2019/08/neve-rokophoto.png...
[28/Mar/2021:23:15:52] (P): Fetching attachment from url: https://s33834.pcdn.co/rokophoto/wp-content/uploads/sites/216/2019/08/neve-rokophoto.png...
[28/Mar/2021:23:15:53] (S): Fetched remote attachment.
[28/Mar/2021:23:15:53] (P): Inserting attachment...
[28/Mar/2021:23:15:53] (S): Attachment inserted
[28/Mar/2021:23:15:53] (S): Processed attachment.
[28/Mar/2021:23:15:53] (P): Processing attachment: https://s33834.pcdn.co/rokophoto/wp-content/uploads/sites/216/2019/08/neve-rokophoto-7.jpg...
[28/Mar/2021:23:15:53] (P): Fetching attachment from url: https://s33834.pcdn.co/rokophoto/wp-content/uploads/sites/216/2019/08/neve-rokophoto-7.jpg...
[28/Mar/2021:23:15:53] (S): Fetched remote attachment.
[28/Mar/2021:23:15:53] (P): Inserting attachment...
[28/Mar/2021:23:15:53] (S): Attachment inserted
[28/Mar/2021:23:15:53] (S): Processed attachment.
[28/Mar/2021:23:15:53] (P): Processing attachment: https://s33834.pcdn.co/rokophoto/wp-content/uploads/sites/216/2019/08/neve-rokophoto.jpg...
[28/Mar/2021:23:15:53] (P): Fetching attachment from url: https://s33834.pcdn.co/rokophoto/wp-content/uploads/sites/216/2019/08/neve-rokophoto.jpg...
[28/Mar/2021:23:15:54] (S): Fetched remote attachment.
[28/Mar/2021:23:15:54] (P): Inserting attachment...
[28/Mar/2021:23:15:54] (S): Attachment inserted
[28/Mar/2021:23:15:54] (S): Processed attachment.
[28/Mar/2021:23:15:54] (P): Processing attachment: https://s33834.pcdn.co/rokophoto/wp-content/uploads/sites/216/2019/08/neve-rokophoto-1.jpg...
[28/Mar/2021:23:15:54] (P): Fetching attachment from url: https://s33834.pcdn.co/rokophoto/wp-content/uploads/sites/216/2019/08/neve-rokophoto-1.jpg...
[28/Mar/2021:23:15:54] (S): Fetched remote attachment.
[28/Mar/2021:23:15:54] (P): Inserting attachment...
[28/Mar/2021:23:15:54] (S): Attachment inserted
[28/Mar/2021:23:15:54] (S): Processed attachment.
[28/Mar/2021:23:15:54] (P): Processing attachment: https://s33834.pcdn.co/rokophoto/wp-content/uploads/sites/216/2019/08/neve-rokophoto-2.jpg...
[28/Mar/2021:23:15:54] (P): Fetching attachment from url: https://s33834.pcdn.co/rokophoto/wp-content/uploads/sites/216/2019/08/neve-rokophoto-2.jpg...
[28/Mar/2021:23:15:55] (S): Fetched remote attachment.
[28/Mar/2021:23:15:55] (P): Inserting attachment...
[28/Mar/2021:23:15:55] (S): Attachment inserted
[28/Mar/2021:23:15:55] (S): Processed attachment.
[28/Mar/2021:23:15:55] (P): Processing attachment: https://s33834.pcdn.co/rokophoto/wp-content/uploads/sites/216/2019/08/neve-rokophoto-3.jpg...
[28/Mar/2021:23:15:55] (P): Fetching attachment from url: https://s33834.pcdn.co/rokophoto/wp-content/uploads/sites/216/2019/08/neve-rokophoto-3.jpg...
[28/Mar/2021:23:15:55] (S): Fetched remote attachment.
[28/Mar/2021:23:15:55] (P): Inserting attachment...
[28/Mar/2021:23:15:55] (S): Attachment inserted
[28/Mar/2021:23:15:56] (S): Processed attachment.
[28/Mar/2021:23:15:56] (P): Processing attachment: https://s33834.pcdn.co/rokophoto/wp-content/uploads/sites/216/2019/08/neve-rokophoto-4.jpg...
[28/Mar/2021:23:15:56] (P): Fetching attachment from url: https://s33834.pcdn.co/rokophoto/wp-content/uploads/sites/216/2019/08/neve-rokophoto-4.jpg...
[28/Mar/2021:23:15:56] (S): Fetched remote attachment.
[28/Mar/2021:23:15:56] (P): Inserting attachment...
[28/Mar/2021:23:15:56] (S): Attachment inserted
[28/Mar/2021:23:15:56] (S): Processed attachment.
[28/Mar/2021:23:15:56] (P): Processing attachment: https://s33834.pcdn.co/rokophoto/wp-content/uploads/sites/216/2019/08/neve-rokophoto-5.jpg...
[28/Mar/2021:23:15:56] (P): Fetching attachment from url: https://s33834.pcdn.co/rokophoto/wp-content/uploads/sites/216/2019/08/neve-rokophoto-5.jpg...
[28/Mar/2021:23:15:57] (S): Fetched remote attachment.
[28/Mar/2021:23:15:57] (P): Inserting attachment...
[28/Mar/2021:23:15:57] (S): Attachment inserted
[28/Mar/2021:23:15:57] (S): Processed attachment.
[28/Mar/2021:23:15:57] (P): Processing attachment: https://s33834.pcdn.co/rokophoto/wp-content/uploads/sites/216/2019/08/neve-rokophoto-11.jpg...
[28/Mar/2021:23:15:57] (P): Fetching attachment from url: https://s33834.pcdn.co/rokophoto/wp-content/uploads/sites/216/2019/08/neve-rokophoto-11.jpg...
[28/Mar/2021:23:15:57] (S): Fetched remote attachment.
[28/Mar/2021:23:15:57] (P): Inserting attachment...
[28/Mar/2021:23:15:57] (S): Attachment inserted
[28/Mar/2021:23:15:57] (S): Processed attachment.
[28/Mar/2021:23:15:57] (P): Processing attachment: https://s33834.pcdn.co/rokophoto/wp-content/uploads/sites/216/2019/08/neve-rokophoto-12.jpg...
[28/Mar/2021:23:15:57] (P): Fetching attachment from url: https://s33834.pcdn.co/rokophoto/wp-content/uploads/sites/216/2019/08/neve-rokophoto-12.jpg...
[28/Mar/2021:23:15:58] (S): Fetched remote attachment.
[28/Mar/2021:23:15:58] (P): Inserting attachment...
[28/Mar/2021:23:15:58] (S): Attachment inserted
[28/Mar/2021:23:15:58] (S): Processed attachment.
[28/Mar/2021:23:15:58] (P): Processing attachment: https://s33834.pcdn.co/rokophoto/wp-content/uploads/sites/216/2019/08/neve-rokophoto-13.jpg...
[28/Mar/2021:23:15:58] (P): Fetching attachment from url: https://s33834.pcdn.co/rokophoto/wp-content/uploads/sites/216/2019/08/neve-rokophoto-13.jpg...
[28/Mar/2021:23:15:58] (S): Fetched remote attachment.
[28/Mar/2021:23:15:58] (P): Inserting attachment...
[28/Mar/2021:23:15:59] (S): Attachment inserted
[28/Mar/2021:23:15:59] (S): Processed attachment.
[28/Mar/2021:23:15:59] (P): Processing attachment: https://s33834.pcdn.co/rokophoto/wp-content/uploads/sites/216/2019/08/neve-rokophoto-14.jpg...
[28/Mar/2021:23:15:59] (P): Fetching attachment from url: https://s33834.pcdn.co/rokophoto/wp-content/uploads/sites/216/2019/08/neve-rokophoto-14.jpg...
[28/Mar/2021:23:15:59] (S): Fetched remote attachment.
[28/Mar/2021:23:15:59] (P): Inserting attachment...
[28/Mar/2021:23:16:00] (S): Attachment inserted
[28/Mar/2021:23:16:00] (S): Processed attachment.
[28/Mar/2021:23:16:00] (P): Processing attachment: https://s33834.pcdn.co/rokophoto/wp-content/uploads/sites/216/2019/08/neve-rokophoto-logo-white.png...
[28/Mar/2021:23:16:00] (P): Fetching attachment from url: https://s33834.pcdn.co/rokophoto/wp-content/uploads/sites/216/2019/08/neve-rokophoto-logo-white.png...
[28/Mar/2021:23:16:00] (S): Fetched remote attachment.
[28/Mar/2021:23:16:00] (P): Inserting attachment...
[28/Mar/2021:23:16:00] (S): Attachment inserted
[28/Mar/2021:23:16:00] (S): Processed attachment.
[28/Mar/2021:23:16:00] (P): Inserting post: Using a 35mm lens for a month .
[28/Mar/2021:23:16:01] (S): Done inserting post: Using a 35mm lens for a month .
[28/Mar/2021:23:16:02] (P): Inserting page: Blog .
[28/Mar/2021:23:16:02] (S): Done inserting page: Blog .
[28/Mar/2021:23:16:02] (P): Inserting post: How important is contrast in photography .
[28/Mar/2021:23:16:02] (S): Done inserting post: How important is contrast in photography .
[28/Mar/2021:23:16:03] (P): Inserting page: Home .
[28/Mar/2021:23:16:03] (S): Done inserting page: Home .
[28/Mar/2021:23:16:04] (P): Filtering elementor meta...
[28/Mar/2021:23:16:04] (S): Filtered elementor meta.
[28/Mar/2021:23:16:04] (P): Inserting page: Contact .
[28/Mar/2021:23:16:04] (S): Done inserting page: Contact .
[28/Mar/2021:23:16:04] (P): Filtering elementor meta...
[28/Mar/2021:23:16:04] (S): Filtered elementor meta.
[28/Mar/2021:23:16:05] (P): Inserting page: About .
[28/Mar/2021:23:16:05] (S): Done inserting page: About .
[28/Mar/2021:23:16:06] (P): Filtering elementor meta...
[28/Mar/2021:23:16:06] (S): Filtered elementor meta.
[28/Mar/2021:23:16:07] (P): Inserting page: Portfolio .
[28/Mar/2021:23:16:07] (S): Done inserting page: Portfolio .
[28/Mar/2021:23:16:08] (P): Filtering elementor meta...
[28/Mar/2021:23:16:08] (S): Filtered elementor meta.
[28/Mar/2021:23:16:08] (P): Processing single menu item ' '...
[28/Mar/2021:23:16:10] (S): Processed single menu item.
[28/Mar/2021:23:16:10] (P): Processing single menu item ' '...
[28/Mar/2021:23:16:11] (S): Processed single menu item.
[28/Mar/2021:23:16:11] (P): Processing single menu item ' '...
[28/Mar/2021:23:16:12] (S): Processed single menu item.
[28/Mar/2021:23:16:12] (P): Processing single menu item ' '...
[28/Mar/2021:23:16:13] (S): Processed single menu item.
[28/Mar/2021:23:16:13] (P): Processing single menu item ' '...
[28/Mar/2021:23:16:13] (S): Processed single menu item.
[28/Mar/2021:23:16:13] (P): Inserting page: Project details .
[28/Mar/2021:23:16:14] (S): Done inserting page: Project details .
[28/Mar/2021:23:16:14] (P): Filtering elementor meta...
[28/Mar/2021:23:16:14] (S): Filtered elementor meta.
[28/Mar/2021:23:16:14] (P): Inserting page: Photo event .
[28/Mar/2021:23:16:14] (S): Done inserting page: Photo event .
[28/Mar/2021:23:16:15] (P): Filtering elementor meta...
[28/Mar/2021:23:16:15] (S): Filtered elementor meta.
[28/Mar/2021:23:16:15] (P): Processing single menu item ' '...
[28/Mar/2021:23:16:16] (S): Processed single menu item.
[28/Mar/2021:23:16:16] (P): Processing single menu item ' '...
[28/Mar/2021:23:16:17] (S): Processed single menu item.
[28/Mar/2021:23:16:17] (P): Processing attachment: https://s33834.pcdn.co/rokophoto/wp-content/uploads/sites/216/2019/08/neve-rokophoto-logo-b.png...
[28/Mar/2021:23:16:17] (P): Fetching attachment from url: https://s33834.pcdn.co/rokophoto/wp-content/uploads/sites/216/2019/08/neve-rokophoto-logo-b.png...
[28/Mar/2021:23:16:17] (S): Fetched remote attachment.
[28/Mar/2021:23:16:17] (P): Inserting attachment...
[28/Mar/2021:23:16:17] (S): Attachment inserted
[28/Mar/2021:23:16:18] (S): Processed attachment.
[28/Mar/2021:23:16:18] (P): Inserting custom_css: neve .
[28/Mar/2021:23:16:18] (S): Done inserting custom_css: neve .
[28/Mar/2021:23:16:18] (P): Processing attachment: https://s33834.pcdn.co/rokophoto/wp-content/uploads/sites/216/2020/12/rokophoto-logo-1.png...
[28/Mar/2021:23:16:18] (P): Fetching attachment from url: https://s33834.pcdn.co/rokophoto/wp-content/uploads/sites/216/2020/12/rokophoto-logo-1.png...
[28/Mar/2021:23:16:18] (S): Fetched remote attachment.
[28/Mar/2021:23:16:18] (P): Inserting attachment...
[28/Mar/2021:23:16:18] (S): Attachment inserted
[28/Mar/2021:23:16:18] (S): Processed attachment.
[28/Mar/2021:23:16:18] (P): Inserting post: RokoPhoto Photography workshop in July .
[28/Mar/2021:23:16:19] (S): Done inserting post: RokoPhoto Photography workshop in July .
[28/Mar/2021:23:16:19] (S): Processed posts.
[28/Mar/2021:23:16:22] (P): Cleaning up import with id ...
[28/Mar/2021:23:16:22] (P): Done cleanup. Flushing cache...
[28/Mar/2021:23:16:22] (P): Flushed cache. Removing temporary data..
[28/Mar/2021:23:16:22] (S): Done importing
[28/Mar/2021:23:16:22] (P): Busting elementor cache
[28/Mar/2021:23:16:23] (S): Front page set up with id: 9.
